<?xml version="1.0" encoding="UTF-8"?>
<!-- Generated by org.testng.reporters.JUnitXMLReporter -->
<testsuite hostname="Anshu-Rocho" ignored="3" name="Jupiter Toys Tests" tests="4" failures="0" timestamp="17 Nov 2020 11:28:37 GMT" time="28.725" errors="0">
  <testcase name="verifyMandatoryFieldsErrorMessages" time="10.671" classname="tests.ContactPageTests"/>
  <testcase name="verifySuccessfulSumbmission" time="1.632" classname="tests.ContactPageTests"/>
  <testcase name="verifyErrorsOnInvalidData" time="0.24" classname="tests.ContactPageTests"/>
  <testcase name="verifyItemsInShoppingCart" time="0.688" classname="tests.ShopPageTests"/>
  <testcase name="@AfterSuite tearDown" time="0.0" classname="tests.CommonMethods">
    <ignored/>
  </testcase> <!-- @AfterSuite tearDown -->
  <testcase name="@AfterTest closeBrowser" time="0.0" classname="tests.CommonMethods">
    <ignored/>
  </testcase> <!-- @AfterTest closeBrowser -->
  <testcase name="@BeforeSuite loadObjectRepository" time="0.0" classname="tests.CommonMethods">
    <ignored/>
  </testcase> <!-- @BeforeSuite loadObjectRepository -->
</testsuite> <!-- Jupiter Toys Tests -->
